<?xml version="1.0" encoding="UTF-8"?>
<testsuite name="IpAddress 클래스 테스트" tests="2" skipped="0" failures="0" errors="0" timestamp="2023-02-05T08:44:09" hostname="JaeHyunui-MacBookPro.local" time="0.057">
  <properties/>
  <testcase name="valid_test" classname="com.crosscert.firewall.entity.IpAddressTest" time="0.05"/>
  <testcase name="IpAddress 생성자 테스트" classname="com.crosscert.firewall.entity.IpAddressTest" time="0.006"/>
  <system-out><![CDATA[]]></system-out>
  <system-err><![CDATA[]]></system-err>
</testsuite>
