<?xml version="1.0" encoding="UTF-8"?>
<testsuite name="com.crosscert.firewall.FirewallApplicationTests" tests="1" skipped="0" failures="0" errors="0" timestamp="2023-02-22T14:45:04" hostname="JaeHyunui-MacBookPro.local" time="0.003">
  <properties/>
  <testcase name="contextLoads()" classname="com.crosscert.firewall.FirewallApplicationTests" time="0.003"/>
  <system-out><![CDATA[2023-02-22 23:45:04.384  INFO 16791 --- [    Test worker] .b.t.c.SpringBootTestContextBootstrapper : Neither @ContextConfiguration nor @ContextHierarchy found for test class [com.crosscert.firewall.FirewallApplicationTests], using SpringBootContextLoader
2023-02-22 23:45:04.384  INFO 16791 --- [    Test worker] o.s.t.c.support.AbstractContextLoader    : Could not detect default resource locations for test class [com.crosscert.firewall.FirewallApplicationTests]: no resource found for suffixes {-context.xml, Context.groovy}.
2023-02-22 23:45:04.384  INFO 16791 --- [    Test worker] t.c.s.AnnotationConfigContextLoaderUtils : Could not detect default configuration classes for test class [com.crosscert.firewall.FirewallApplicationTests]: FirewallApplicationTests does not declare any static, non-private, non-final, nested classes annotated with @Configuration.
2023-02-22 23:45:04.388  INFO 16791 --- [    Test worker] .b.t.c.SpringBootTestContextBootstrapper : Found @SpringBootConfiguration com.crosscert.firewall.FirewallApplication for test class com.crosscert.firewall.FirewallApplicationTests
2023-02-22 23:45:04.389  INFO 16791 --- [    Test worker] .b.t.c.SpringBootTestContextBootstrapper : Loaded default TestExecutionListener class names from location [META-INF/spring.factories]: [org.springframework.security.test.context.support.WithSecurityContextTestExecutionListener, org.springframework.security.test.context.support.ReactorContextTestExecutionListener, org.springframework.boot.test.autoconfigure.restdocs.RestDocsTestExecutionListener, org.springframework.boot.test.autoconfigure.web.client.MockRestServiceServerResetTestExecutionListener, org.springframework.boot.test.autoconfigure.web.servlet.MockMvcPrintOnlyOnFailureTestExecutionListener, org.springframework.boot.test.autoconfigure.web.servlet.WebDriverTestExecutionListener, org.springframework.boot.test.autoconfigure.webservices.client.MockWebServiceServerTestExecutionListener, org.springframework.boot.test.mock.mockito.MockitoTestExecutionListener, org.springframework.boot.test.mock.mockito.ResetMocksTestExecutionListener, org.springframework.test.context.web.ServletTestExecutionListener, org.springframework.test.context.support.DirtiesContextBeforeModesTestExecutionListener, org.springframework.test.context.event.ApplicationEventsTestExecutionListener, org.springframework.test.context.support.DependencyInjectionTestExecutionListener, org.springframework.test.context.support.DirtiesContextTestExecutionListener, org.springframework.test.context.transaction.TransactionalTestExecutionListener, org.springframework.test.context.jdbc.SqlScriptsTestExecutionListener, org.springframework.test.context.event.EventPublishingTestExecutionListener]
2023-02-22 23:45:04.389  INFO 16791 --- [    Test worker] .b.t.c.SpringBootTestContextBootstrapper : Using TestExecutionListeners: [org.springframework.test.context.web.ServletTestExecutionListener@3b0b20a8, org.springframework.test.context.support.DirtiesContextBeforeModesTestExecutionListener@1d7135c, org.springframework.test.context.event.ApplicationEventsTestExecutionListener@2c2f4769, org.springframework.boot.test.mock.mockito.MockitoTestExecutionListener@62e7e3df, org.springframework.boot.test.autoconfigure.SpringBootDependencyInjectionTestExecutionListener@8b814b, org.springframework.test.context.support.DirtiesContextTestExecutionListener@397f3ff5, org.springframework.test.context.transaction.TransactionalTestExecutionListener@6f3d33bc, org.springframework.test.context.jdbc.SqlScriptsTestExecutionListener@3299cc9f, org.springframework.security.test.context.support.WithSecurityContextTestExecutionListener@6e44825e, org.springframework.test.context.event.EventPublishingTestExecutionListener@2e8488f4, org.springframework.security.test.context.support.ReactorContextTestExecutionListener@2822ee4b, org.springframework.boot.test.autoconfigure.restdocs.RestDocsTestExecutionListener@54a332e4, org.springframework.boot.test.autoconfigure.web.client.MockRestServiceServerResetTestExecutionListener@1e3f0c5c, org.springframework.boot.test.autoconfigure.web.servlet.MockMvcPrintOnlyOnFailureTestExecutionListener@1476e447, org.springframework.boot.test.autoconfigure.web.servlet.WebDriverTestExecutionListener@2b991034, org.springframework.boot.test.autoconfigure.webservices.client.MockWebServiceServerTestExecutionListener@666033b1, org.springframework.boot.test.mock.mockito.ResetMocksTestExecutionListener@db9ecd]
]]></system-out>
  <system-err><![CDATA[]]></system-err>
</testsuite>
