<?xml version="1.0" encoding="UTF-8"?>
<testsuite name="로그인_테스트" tests="2" skipped="0" failures="1" errors="0" timestamp="2023-02-22T14:44:42" hostname="JaeHyunui-MacBookPro.local" time="3.103">
  <properties/>
  <testcase name="로그인실패_비밀번호_오류()" classname="com.crosscert.firewall.controller.LoginControllerTest" time="2.307"/>
  <testcase name="로그인성공()" classname="com.crosscert.firewall.controller.LoginControllerTest" time="0.795">
    <failure message="java.lang.IllegalStateException: 이미 존재하는 회원입니다." type="java.lang.IllegalStateException">java.lang.IllegalStateException: 이미 존재하는 회원입니다.
	at com.crosscert.firewall.service.MemberService.signup(MemberService.java:53)
	at com.crosscert.firewall.service.MemberService$$FastClassBySpringCGLIB$$b9e4734b.invoke(&lt;generated&gt;)
	at org.springframework.cglib.proxy.MethodProxy.invoke(MethodProxy.java:218)
	at org.springframework.aop.framework.CglibAopProxy$CglibMethodInvocation.invokeJoinpoint(CglibAopProxy.java:793)
	at org.springframework.aop.framework.ReflectiveMethodInvocation.proceed(ReflectiveMethodInvocation.java:163)
	at org.springframework.aop.framework.CglibAopProxy$CglibMethodInvocation.proceed(CglibAopProxy.java:763)
	at org.springframework.transaction.interceptor.TransactionInterceptor$1.proceedWithInvocation(TransactionInterceptor.java:123)
	at org.springframework.transaction.interceptor.TransactionAspectSupport.invokeWithinTransaction(TransactionAspectSupport.java:388)
	at org.springframework.transaction.interceptor.TransactionInterceptor.invoke(TransactionInterceptor.java:119)
	at org.springframework.aop.framework.ReflectiveMethodInvocation.proceed(ReflectiveMethodInvocation.java:186)
	at org.springframework.aop.framework.CglibAopProxy$CglibMethodInvocation.proceed(CglibAopProxy.java:763)
	at org.springframework.aop.framework.CglibAopProxy$DynamicAdvisedInterceptor.intercept(CglibAopProxy.java:708)
	at com.crosscert.firewall.service.MemberService$$EnhancerBySpringCGLIB$$756cc172.signup(&lt;generated&gt;)
	at com.crosscert.firewall.controller.LoginControllerTest.beforeEash(LoginControllerTest.java:41)
	at java.base/jdk.internal.reflect.NativeMethodAccessorImpl.invoke0(Native Method)
	at java.base/jdk.internal.reflect.NativeMethodAccessorImpl.invoke(NativeMethodAccessorImpl.java:62)
	at java.base/jdk.internal.reflect.DelegatingMethodAccessorImpl.invoke(DelegatingMethodAccessorImpl.java:43)
	at java.base/java.lang.reflect.Method.invoke(Method.java:566)
	at org.junit.platform.commons.util.ReflectionUtils.invokeMethod(ReflectionUtils.java:725)
	at org.junit.jupiter.engine.execution.MethodInvocation.proceed(MethodInvocation.java:60)
	at org.junit.jupiter.engine.execution.InvocationInterceptorChain$ValidatingInvocation.proceed(InvocationInterceptorChain.java:131)
	at org.junit.jupiter.engine.extension.TimeoutExtension.intercept(TimeoutExtension.java:149)
	at org.junit.jupiter.engine.extension.TimeoutExtension.interceptLifecycleMethod(TimeoutExtension.java:126)
	at org.junit.jupiter.engine.extension.TimeoutExtension.interceptBeforeEachMethod(TimeoutExtension.java:76)
	at org.junit.jupiter.engine.execution.ExecutableInvoker$ReflectiveInterceptorCall.lambda$ofVoidMethod$0(ExecutableInvoker.java:115)
	at org.junit.jupiter.engine.execution.ExecutableInvoker.lambda$invoke$0(ExecutableInvoker.java:105)
	at org.junit.jupiter.engine.execution.InvocationInterceptorChain$InterceptedInvocation.proceed(InvocationInterceptorChain.java:106)
	at org.junit.jupiter.engine.execution.InvocationInterceptorChain.proceed(InvocationInterceptorChain.java:64)
	at org.junit.jupiter.engine.execution.InvocationInterceptorChain.chainAndInvoke(InvocationInterceptorChain.java:45)
	at org.junit.jupiter.engine.execution.InvocationInterceptorChain.invoke(InvocationInterceptorChain.java:37)
	at org.junit.jupiter.engine.execution.ExecutableInvoker.invoke(ExecutableInvoker.java:104)
	at org.junit.jupiter.engine.execution.ExecutableInvoker.invoke(ExecutableInvoker.java:98)
	at org.junit.jupiter.engine.descriptor.ClassBasedTestDescriptor.invokeMethodInExtensionContext(ClassBasedTestDescriptor.java:506)
	at org.junit.jupiter.engine.descriptor.ClassBasedTestDescriptor.lambda$synthesizeBeforeEachMethodAdapter$21(ClassBasedTestDescriptor.java:491)
	at org.junit.jupiter.engine.descriptor.TestMethodTestDescriptor.lambda$invokeBeforeEachMethods$3(TestMethodTestDescriptor.java:171)
	at org.junit.jupiter.engine.descriptor.TestMethodTestDescriptor.lambda$invokeBeforeMethodsOrCallbacksUntilExceptionOccurs$6(TestMethodTestDescriptor.java:199)
	at org.junit.platform.engine.support.hierarchical.ThrowableCollector.execute(ThrowableCollector.java:73)
	at org.junit.jupiter.engine.descriptor.TestMethodTestDescriptor.invokeBeforeMethodsOrCallbacksUntilExceptionOccurs(TestMethodTestDescriptor.java:199)
	at org.junit.jupiter.engine.descriptor.TestMethodTestDescriptor.invokeBeforeEachMethods(TestMethodTestDescriptor.java:168)
	at org.junit.jupiter.engine.descriptor.TestMethodTestDescriptor.execute(TestMethodTestDescriptor.java:131)
	at org.junit.jupiter.engine.descriptor.TestMethodTestDescriptor.execute(TestMethodTestDescriptor.java:66)
	at org.junit.platform.engine.support.hierarchical.NodeTestTask.lambda$executeRecursively$6(NodeTestTask.java:151)
	at org.junit.platform.engine.support.hierarchical.ThrowableCollector.execute(ThrowableCollector.java:73)
	at org.junit.platform.engine.support.hierarchical.NodeTestTask.lambda$executeRecursively$8(NodeTestTask.java:141)
	at org.junit.platform.engine.support.hierarchical.Node.around(Node.java:137)
	at org.junit.platform.engine.support.hierarchical.NodeTestTask.lambda$executeRecursively$9(NodeTestTask.java:139)
	at org.junit.platform.engine.support.hierarchical.ThrowableCollector.execute(ThrowableCollector.java:73)
	at org.junit.platform.engine.support.hierarchical.NodeTestTask.executeRecursively(NodeTestTask.java:138)
	at org.junit.platform.engine.support.hierarchical.NodeTestTask.execute(NodeTestTask.java:95)
	at java.base/java.util.ArrayList.forEach(ArrayList.java:1541)
	at org.junit.platform.engine.support.hierarchical.SameThreadHierarchicalTestExecutorService.invokeAll(SameThreadHierarchicalTestExecutorService.java:41)
	at org.junit.platform.engine.support.hierarchical.NodeTestTask.lambda$executeRecursively$6(NodeTestTask.java:155)
	at org.junit.platform.engine.support.hierarchical.ThrowableCollector.execute(ThrowableCollector.java:73)
	at org.junit.platform.engine.support.hierarchical.NodeTestTask.lambda$executeRecursively$8(NodeTestTask.java:141)
	at org.junit.platform.engine.support.hierarchical.Node.around(Node.java:137)
	at org.junit.platform.engine.support.hierarchical.NodeTestTask.lambda$executeRecursively$9(NodeTestTask.java:139)
	at org.junit.platform.engine.support.hierarchical.ThrowableCollector.execute(ThrowableCollector.java:73)
	at org.junit.platform.engine.support.hierarchical.NodeTestTask.executeRecursively(NodeTestTask.java:138)
	at org.junit.platform.engine.support.hierarchical.NodeTestTask.execute(NodeTestTask.java:95)
	at java.base/java.util.ArrayList.forEach(ArrayList.java:1541)
	at org.junit.platform.engine.support.hierarchical.SameThreadHierarchicalTestExecutorService.invokeAll(SameThreadHierarchicalTestExecutorService.java:41)
	at org.junit.platform.engine.support.hierarchical.NodeTestTask.lambda$executeRecursively$6(NodeTestTask.java:155)
	at org.junit.platform.engine.support.hierarchical.ThrowableCollector.execute(ThrowableCollector.java:73)
	at org.junit.platform.engine.support.hierarchical.NodeTestTask.lambda$executeRecursively$8(NodeTestTask.java:141)
	at org.junit.platform.engine.support.hierarchical.Node.around(Node.java:137)
	at org.junit.platform.engine.support.hierarchical.NodeTestTask.lambda$executeRecursively$9(NodeTestTask.java:139)
	at org.junit.platform.engine.support.hierarchical.ThrowableCollector.execute(ThrowableCollector.java:73)
	at org.junit.platform.engine.support.hierarchical.NodeTestTask.executeRecursively(NodeTestTask.java:138)
	at org.junit.platform.engine.support.hierarchical.NodeTestTask.execute(NodeTestTask.java:95)
	at org.junit.platform.engine.support.hierarchical.SameThreadHierarchicalTestExecutorService.submit(SameThreadHierarchicalTestExecutorService.java:35)
	at org.junit.platform.engine.support.hierarchical.HierarchicalTestExecutor.execute(HierarchicalTestExecutor.java:57)
	at org.junit.platform.engine.support.hierarchical.HierarchicalTestEngine.execute(HierarchicalTestEngine.java:54)
	at org.junit.platform.launcher.core.EngineExecutionOrchestrator.execute(EngineExecutionOrchestrator.java:107)
	at org.junit.platform.launcher.core.EngineExecutionOrchestrator.execute(EngineExecutionOrchestrator.java:88)
	at org.junit.platform.launcher.core.EngineExecutionOrchestrator.lambda$execute$0(EngineExecutionOrchestrator.java:54)
	at org.junit.platform.launcher.core.EngineExecutionOrchestrator.withInterceptedStreams(EngineExecutionOrchestrator.java:67)
	at org.junit.platform.launcher.core.EngineExecutionOrchestrator.execute(EngineExecutionOrchestrator.java:52)
	at org.junit.platform.launcher.core.DefaultLauncher.execute(DefaultLauncher.java:114)
	at org.junit.platform.launcher.core.DefaultLauncher.execute(DefaultLauncher.java:86)
	at org.junit.platform.launcher.core.DefaultLauncherSession$DelegatingLauncher.execute(DefaultLauncherSession.java:86)
	at org.junit.platform.launcher.core.SessionPerRequestLauncher.execute(SessionPerRequestLauncher.java:53)
	at org.gradle.api.internal.tasks.testing.junitplatform.JUnitPlatformTestClassProcessor$CollectAllTestClassesExecutor.processAllTestClasses(JUnitPlatformTestClassProcessor.java:99)
	at org.gradle.api.internal.tasks.testing.junitplatform.JUnitPlatformTestClassProcessor$CollectAllTestClassesExecutor.access$000(JUnitPlatformTestClassProcessor.java:79)
	at org.gradle.api.internal.tasks.testing.junitplatform.JUnitPlatformTestClassProcessor.stop(JUnitPlatformTestClassProcessor.java:75)
	at org.gradle.api.internal.tasks.testing.SuiteTestClassProcessor.stop(SuiteTestClassProcessor.java:62)
	at java.base/jdk.internal.reflect.NativeMethodAccessorImpl.invoke0(Native Method)
	at java.base/jdk.internal.reflect.NativeMethodAccessorImpl.invoke(NativeMethodAccessorImpl.java:62)
	at java.base/jdk.internal.reflect.DelegatingMethodAccessorImpl.invoke(DelegatingMethodAccessorImpl.java:43)
	at java.base/java.lang.reflect.Method.invoke(Method.java:566)
	at org.gradle.internal.dispatch.ReflectionDispatch.dispatch(ReflectionDispatch.java:36)
	at org.gradle.internal.dispatch.ReflectionDispatch.dispatch(ReflectionDispatch.java:24)
	at org.gradle.internal.dispatch.ContextClassLoaderDispatch.dispatch(ContextClassLoaderDispatch.java:33)
	at org.gradle.internal.dispatch.ProxyDispatchAdapter$DispatchingInvocationHandler.invoke(ProxyDispatchAdapter.java:94)
	at com.sun.proxy.$Proxy2.stop(Unknown Source)
	at org.gradle.api.internal.tasks.testing.worker.TestWorker$3.run(TestWorker.java:193)
	at org.gradle.api.internal.tasks.testing.worker.TestWorker.executeAndMaintainThreadName(TestWorker.java:129)
	at org.gradle.api.internal.tasks.testing.worker.TestWorker.execute(TestWorker.java:100)
	at org.gradle.api.internal.tasks.testing.worker.TestWorker.execute(TestWorker.java:60)
	at org.gradle.process.internal.worker.child.ActionExecutionWorker.execute(ActionExecutionWorker.java:56)
	at org.gradle.process.internal.worker.child.SystemApplicationClassLoaderWorker.call(SystemApplicationClassLoaderWorker.java:113)
	at org.gradle.process.internal.worker.child.SystemApplicationClassLoaderWorker.call(SystemApplicationClassLoaderWorker.java:65)
	at worker.org.gradle.process.internal.worker.GradleWorkerMain.run(GradleWorkerMain.java:69)
	at worker.org.gradle.process.internal.worker.GradleWorkerMain.main(GradleWorkerMain.java:74)
</failure>
  </testcase>
  <system-out><![CDATA[23:44:26.808 [Test worker] DEBUG org.springframework.test.context.BootstrapUtils - Instantiating CacheAwareContextLoaderDelegate from class [org.springframework.test.context.cache.DefaultCacheAwareContextLoaderDelegate]
23:44:26.818 [Test worker] DEBUG org.springframework.test.context.BootstrapUtils - Instantiating BootstrapContext using constructor [public org.springframework.test.context.support.DefaultBootstrapContext(java.lang.Class,org.springframework.test.context.CacheAwareContextLoaderDelegate)]
23:44:26.847 [Test worker] DEBUG org.springframework.test.context.BootstrapUtils - Instantiating TestContextBootstrapper for test class [com.crosscert.firewall.controller.LoginControllerTest] from class [org.springframework.boot.test.context.SpringBootTestContextBootstrapper]
23:44:26.855 [Test worker] INFO org.springframework.boot.test.context.SpringBootTestContextBootstrapper - Neither @ContextConfiguration nor @ContextHierarchy found for test class [com.crosscert.firewall.controller.LoginControllerTest], using SpringBootContextLoader
23:44:26.858 [Test worker] DEBUG org.springframework.test.context.support.AbstractContextLoader - Did not detect default resource location for test class [com.crosscert.firewall.controller.LoginControllerTest]: class path resource [com/crosscert/firewall/controller/LoginControllerTest-context.xml] does not exist
23:44:26.858 [Test worker] DEBUG org.springframework.test.context.support.AbstractContextLoader - Did not detect default resource location for test class [com.crosscert.firewall.controller.LoginControllerTest]: class path resource [com/crosscert/firewall/controller/LoginControllerTestContext.groovy] does not exist
23:44:26.858 [Test worker] INFO org.springframework.test.context.support.AbstractContextLoader - Could not detect default resource locations for test class [com.crosscert.firewall.controller.LoginControllerTest]: no resource found for suffixes {-context.xml, Context.groovy}.
23:44:26.859 [Test worker] INFO org.springframework.test.context.support.AnnotationConfigContextLoaderUtils - Could not detect default configuration classes for test class [com.crosscert.firewall.controller.LoginControllerTest]: LoginControllerTest does not declare any static, non-private, non-final, nested classes annotated with @Configuration.
23:44:26.914 [Test worker] DEBUG org.springframework.test.context.support.ActiveProfilesUtils - Could not find an 'annotation declaring class' for annotation type [org.springframework.test.context.ActiveProfiles] and class [com.crosscert.firewall.controller.LoginControllerTest]
23:44:26.975 [Test worker] DEBUG org.springframework.context.annotation.ClassPathScanningCandidateComponentProvider - Identified candidate component class: file [/Users/jhyun/Git/FireWall_manager/build/classes/java/main/com/crosscert/firewall/FirewallApplication.class]
23:44:26.976 [Test worker] INFO org.springframework.boot.test.context.SpringBootTestContextBootstrapper - Found @SpringBootConfiguration com.crosscert.firewall.FirewallApplication for test class com.crosscert.firewall.controller.LoginControllerTest
23:44:27.066 [Test worker] DEBUG org.springframework.boot.test.context.SpringBootTestContextBootstrapper - @TestExecutionListeners is not present for class [com.crosscert.firewall.controller.LoginControllerTest]: using defaults.
23:44:27.066 [Test worker] INFO org.springframework.boot.test.context.SpringBootTestContextBootstrapper - Loaded default TestExecutionListener class names from location [META-INF/spring.factories]: [org.springframework.security.test.context.support.WithSecurityContextTestExecutionListener, org.springframework.security.test.context.support.ReactorContextTestExecutionListener, org.springframework.boot.test.autoconfigure.restdocs.RestDocsTestExecutionListener, org.springframework.boot.test.autoconfigure.web.client.MockRestServiceServerResetTestExecutionListener, org.springframework.boot.test.autoconfigure.web.servlet.MockMvcPrintOnlyOnFailureTestExecutionListener, org.springframework.boot.test.autoconfigure.web.servlet.WebDriverTestExecutionListener, org.springframework.boot.test.autoconfigure.webservices.client.MockWebServiceServerTestExecutionListener, org.springframework.boot.test.mock.mockito.MockitoTestExecutionListener, org.springframework.boot.test.mock.mockito.ResetMocksTestExecutionListener, org.springframework.test.context.web.ServletTestExecutionListener, org.springframework.test.context.support.DirtiesContextBeforeModesTestExecutionListener, org.springframework.test.context.event.ApplicationEventsTestExecutionListener, org.springframework.test.context.support.DependencyInjectionTestExecutionListener, org.springframework.test.context.support.DirtiesContextTestExecutionListener, org.springframework.test.context.transaction.TransactionalTestExecutionListener, org.springframework.test.context.jdbc.SqlScriptsTestExecutionListener, org.springframework.test.context.event.EventPublishingTestExecutionListener]
23:44:27.082 [Test worker] INFO org.springframework.boot.test.context.SpringBootTestContextBootstrapper - Using TestExecutionListeners: [org.springframework.test.context.web.ServletTestExecutionListener@51bde877, org.springframework.test.context.support.DirtiesContextBeforeModesTestExecutionListener@60b85ba1, org.springframework.test.context.event.ApplicationEventsTestExecutionListener@492fc69e, org.springframework.boot.test.mock.mockito.MockitoTestExecutionListener@117632cf, org.springframework.boot.test.autoconfigure.SpringBootDependencyInjectionTestExecutionListener@2fb68ec6, org.springframework.test.context.support.DirtiesContextTestExecutionListener@d71adc2, org.springframework.test.context.transaction.TransactionalTestExecutionListener@3add81c4, org.springframework.test.context.jdbc.SqlScriptsTestExecutionListener@1a1d3c1a, org.springframework.security.test.context.support.WithSecurityContextTestExecutionListener@1c65121, org.springframework.test.context.event.EventPublishingTestExecutionListener@159e366, org.springframework.security.test.context.support.ReactorContextTestExecutionListener@57dc9128, org.springframework.boot.test.autoconfigure.restdocs.RestDocsTestExecutionListener@24528a25, org.springframework.boot.test.autoconfigure.web.client.MockRestServiceServerResetTestExecutionListener@17ae98d7, org.springframework.boot.test.autoconfigure.web.servlet.MockMvcPrintOnlyOnFailureTestExecutionListener@59221b97, org.springframework.boot.test.autoconfigure.web.servlet.WebDriverTestExecutionListener@6ac4944a, org.springframework.boot.test.autoconfigure.webservices.client.MockWebServiceServerTestExecutionListener@5a772895, org.springframework.boot.test.mock.mockito.ResetMocksTestExecutionListener@39fc6b2c]
23:44:27.084 [Test worker] DEBUG org.springframework.test.context.support.AbstractDirtiesContextTestExecutionListener - Before test class: context [DefaultTestContext@75201592 testClass = LoginControllerTest, testInstance = [null], testMethod = [null], testException = [null], mergedContextConfiguration = [WebMergedContextConfiguration@7726e185 testClass = LoginControllerTest, locations = '{}', classes = '{class com.crosscert.firewall.FirewallApplication}', contextInitializerClasses = '[]', activeProfiles = '{}', propertySourceLocations = '{}', propertySourceProperties = '{org.springframework.boot.test.context.SpringBootTestContextBootstrapper=true}', contextCustomizers = set[org.springframework.boot.test.autoconfigure.actuate.metrics.MetricsExportContextCustomizerFactory$DisableMetricExportContextCustomizer@502f1f4c, org.springframework.boot.test.autoconfigure.properties.PropertyMappingContextCustomizer@4b3fa0b3, org.springframework.boot.test.autoconfigure.web.servlet.WebDriverContextCustomizerFactory$Customizer@6f2cb653, [ImportsContextCustomizer@aa5455e key = [org.springframework.boot.test.autoconfigure.web.servlet.MockMvcAutoConfiguration, org.springframework.boot.test.autoconfigure.web.servlet.MockMvcWebClientAutoConfiguration, org.springframework.boot.test.autoconfigure.web.servlet.MockMvcWebDriverAutoConfiguration, org.springframework.boot.autoconfigure.security.oauth2.client.servlet.OAuth2ClientAutoConfiguration, org.springframework.boot.autoconfigure.security.oauth2.resource.servlet.OAuth2ResourceServerAutoConfiguration, org.springframework.boot.autoconfigure.security.servlet.SecurityAutoConfiguration, org.springframework.boot.autoconfigure.security.servlet.SecurityFilterAutoConfiguration, org.springframework.boot.autoconfigure.security.servlet.UserDetailsServiceAutoConfiguration, org.springframework.boot.test.autoconfigure.web.servlet.MockMvcSecurityConfiguration, org.springframework.boot.test.autoconfigure.web.reactive.WebTestClientAutoConfiguration]], org.springframework.boot.test.context.filter.ExcludeFilterContextCustomizer@5ce33a58, org.springframework.boot.test.json.DuplicateJsonObjectContextCustomizerFactory$DuplicateJsonObjectContextCustomizer@7a527389, org.springframework.boot.test.mock.mockito.MockitoContextCustomizer@0, org.springframework.boot.test.web.client.TestRestTemplateContextCustomizer@56ace400, org.springframework.boot.test.context.SpringBootTestArgs@1, org.springframework.boot.test.context.SpringBootTestWebEnvironment@1e13529a], resourceBasePath = 'src/main/webapp', contextLoader = 'org.springframework.boot.test.context.SpringBootContextLoader', parent = [null]], attributes = map['org.springframework.test.context.web.ServletTestExecutionListener.activateListener' -> true]], class annotated with @DirtiesContext [false] with mode [null].

  .   ____          _            __ _ _
 /\\ / ___'_ __ _ _(_)_ __  __ _ \ \ \ \
( ( )\___ | '_ | '_| | '_ \/ _` | \ \ \ \
 \\/  ___)| |_)| | | | | || (_| |  ) ) ) )
  '  |____| .__|_| |_|_| |_\__, | / / / /
 =========|_|==============|___/=/_/_/_/
 :: Spring Boot ::                (v2.7.7)

2023-02-22 23:44:27.563  INFO 16791 --- [    Test worker] c.c.f.controller.LoginControllerTest     : Starting LoginControllerTest using Java 11.0.17 on JaeHyunui-MacBookPro.local with PID 16791 (started by jhyun in /Users/jhyun/Git/FireWall_manager)
2023-02-22 23:44:27.565  INFO 16791 --- [    Test worker] c.c.f.controller.LoginControllerTest     : No active profile set, falling back to 1 default profile: "default"
2023-02-22 23:44:28.372  INFO 16791 --- [    Test worker] .s.d.r.c.RepositoryConfigurationDelegate : Bootstrapping Spring Data JPA repositories in DEFAULT mode.
2023-02-22 23:44:28.427  INFO 16791 --- [    Test worker] .s.d.r.c.RepositoryConfigurationDelegate : Finished Spring Data repository scanning in 47 ms. Found 4 JPA repository interfaces.
2023-02-22 23:44:28.920  INFO 16791 --- [    Test worker] o.hibernate.jpa.internal.util.LogHelper  : HHH000204: Processing PersistenceUnitInfo [name: default]
2023-02-22 23:44:28.970  INFO 16791 --- [    Test worker] org.hibernate.Version                    : HHH000412: Hibernate ORM core version 5.6.14.Final
2023-02-22 23:44:29.118  INFO 16791 --- [    Test worker] o.hibernate.annotations.common.Version   : HCANN000001: Hibernate Commons Annotations {5.1.2.Final}
2023-02-22 23:44:29.146 DEBUG 16791 --- [    Test worker] org.hibernate.type.BasicTypeRegistry     : Adding type registration boolean -> org.hibernate.type.BooleanType@34549979
2023-02-22 23:44:29.146 DEBUG 16791 --- [    Test worker] org.hibernate.type.BasicTypeRegistry     : Adding type registration boolean -> org.hibernate.type.BooleanType@34549979
2023-02-22 23:44:29.146 DEBUG 16791 --- [    Test worker] org.hibernate.type.BasicTypeRegistry     : Adding type registration java.lang.Boolean -> org.hibernate.type.BooleanType@34549979
2023-02-22 23:44:29.147 DEBUG 16791 --- [    Test worker] org.hibernate.type.BasicTypeRegistry     : Adding type registration numeric_boolean -> org.hibernate.type.NumericBooleanType@6dece1f9
2023-02-22 23:44:29.147 DEBUG 16791 --- [    Test worker] org.hibernate.type.BasicTypeRegistry     : Adding type registration true_false -> org.hibernate.type.TrueFalseType@5c5c7cc4
2023-02-22 23:44:29.148 DEBUG 16791 --- [    Test worker] org.hibernate.type.BasicTypeRegistry     : Adding type registration yes_no -> org.hibernate.type.YesNoType@1214d23c
2023-02-22 23:44:29.148 DEBUG 16791 --- [    Test worker] org.hibernate.type.BasicTypeRegistry     : Adding type registration byte -> org.hibernate.type.ByteType@696174d3
2023-02-22 23:44:29.148 DEBUG 16791 --- [    Test worker] org.hibernate.type.BasicTypeRegistry     : Adding type registration byte -> org.hibernate.type.ByteType@696174d3
2023-02-22 23:44:29.148 DEBUG 16791 --- [    Test worker] org.hibernate.type.BasicTypeRegistry     : Adding type registration java.lang.Byte -> org.hibernate.type.ByteType@696174d3
2023-02-22 23:44:29.149 DEBUG 16791 --- [    Test worker] org.hibernate.type.BasicTypeRegistry     : Adding type registration character -> org.hibernate.type.CharacterType@714f1a44
2023-02-22 23:44:29.149 DEBUG 16791 --- [    Test worker] org.hibernate.type.BasicTypeRegistry     : Adding type registration char -> org.hibernate.type.CharacterType@714f1a44
2023-02-22 23:44:29.149 DEBUG 16791 --- [    Test worker] org.hibernate.type.BasicTypeRegistry     : Adding type registration java.lang.Character -> org.hibernate.type.CharacterType@714f1a44
2023-02-22 23:44:29.150 DEBUG 16791 --- [    Test worker] org.hibernate.type.BasicTypeRegistry     : Adding type registration short -> org.hibernate.type.ShortType@45bd4753
2023-02-22 23:44:29.150 DEBUG 16791 --- [    Test worker] org.hibernate.type.BasicTypeRegistry     : Adding type registration short -> org.hibernate.type.ShortType@45bd4753
2023-02-22 23:44:29.150 DEBUG 16791 --- [    Test worker] org.hibernate.type.BasicTypeRegistry     : Adding type registration java.lang.Short -> org.hibernate.type.ShortType@45bd4753
2023-02-22 23:44:29.151 DEBUG 16791 --- [    Test worker] org.hibernate.type.BasicTypeRegistry     : Adding type registration integer -> org.hibernate.type.IntegerType@58aa5c94
2023-02-22 23:44:29.151 DEBUG 16791 --- [    Test worker] org.hibernate.type.BasicTypeRegistry     : Adding type registration int -> org.hibernate.type.IntegerType@58aa5c94
2023-02-22 23:44:29.151 DEBUG 16791 --- [    Test worker] org.hibernate.type.BasicTypeRegistry     : Adding type registration java.lang.Integer -> org.hibernate.type.IntegerType@58aa5c94
2023-02-22 23:44:29.152 DEBUG 16791 --- [    Test worker] org.hibernate.type.BasicTypeRegistry     : Adding type registration long -> org.hibernate.type.LongType@473847fb
2023-02-22 23:44:29.152 DEBUG 16791 --- [    Test worker] org.hibernate.type.BasicTypeRegistry     : Adding type registration long -> org.hibernate.type.LongType@473847fb
2023-02-22 23:44:29.152 DEBUG 16791 --- [    Test worker] org.hibernate.type.BasicTypeRegistry     : Adding type registration java.lang.Long -> org.hibernate.type.LongType@473847fb
2023-02-22 23:44:29.153 DEBUG 16791 --- [    Test worker] org.hibernate.type.BasicTypeRegistry     : Adding type registration float -> org.hibernate.type.FloatType@74b97416
2023-02-22 23:44:29.153 DEBUG 16791 --- [    Test worker] org.hibernate.type.BasicTypeRegistry     : Adding type registration float -> org.hibernate.type.FloatType@74b97416
2023-02-22 23:44:29.153 DEBUG 16791 --- [    Test worker] org.hibernate.type.BasicTypeRegistry     : Adding type registration java.lang.Float -> org.hibernate.type.FloatType@74b97416
2023-02-22 23:44:29.153 DEBUG 16791 --- [    Test worker] org.hibernate.type.BasicTypeRegistry     : Adding type registration double -> org.hibernate.type.DoubleType@606d6d2c
2023-02-22 23:44:29.153 DEBUG 16791 --- [    Test worker] org.hibernate.type.BasicTypeRegistry     : Adding type registration double -> org.hibernate.type.DoubleType@606d6d2c
2023-02-22 23:44:29.154 DEBUG 16791 --- [    Test worker] org.hibernate.type.BasicTypeRegistry     : Adding type registration java.lang.Double -> org.hibernate.type.DoubleType@606d6d2c
2023-02-22 23:44:29.154 DEBUG 16791 --- [    Test worker] org.hibernate.type.BasicTypeRegistry     : Adding type registration big_decimal -> org.hibernate.type.BigDecimalType@16b76858
2023-02-22 23:44:29.154 DEBUG 16791 --- [    Test worker] org.hibernate.type.BasicTypeRegistry     : Adding type registration java.math.BigDecimal -> org.hibernate.type.BigDecimalType@16b76858
2023-02-22 23:44:29.155 DEBUG 16791 --- [    Test worker] org.hibernate.type.BasicTypeRegistry     : Adding type registration big_integer -> org.hibernate.type.BigIntegerType@18c820d2
2023-02-22 23:44:29.155 DEBUG 16791 --- [    Test worker] org.hibernate.type.BasicTypeRegistry     : Adding type registration java.math.BigInteger -> org.hibernate.type.BigIntegerType@18c820d2
2023-02-22 23:44:29.156 DEBUG 16791 --- [    Test worker] org.hibernate.type.BasicTypeRegistry     : Adding type registration string -> org.hibernate.type.StringType@699d96bc
2023-02-22 23:44:29.156 DEBUG 16791 --- [    Test worker] org.hibernate.type.BasicTypeRegistry     : Adding type registration java.lang.String -> org.hibernate.type.StringType@699d96bc
2023-02-22 23:44:29.157 DEBUG 16791 --- [    Test worker] org.hibernate.type.BasicTypeRegistry     : Adding type registration nstring -> org.hibernate.type.StringNVarcharType@52909a97
2023-02-22 23:44:29.157 DEBUG 16791 --- [    Test worker] org.hibernate.type.BasicTypeRegistry     : Adding type registration ncharacter -> org.hibernate.type.CharacterNCharType@7bbdb220
2023-02-22 23:44:29.158 DEBUG 16791 --- [    Test worker] org.hibernate.type.BasicTypeRegistry     : Adding type registration url -> org.hibernate.type.UrlType@5df64b2a
2023-02-22 23:44:29.158 DEBUG 16791 --- [    Test worker] org.hibernate.type.BasicTypeRegistry     : Adding type registration java.net.URL -> org.hibernate.type.UrlType@5df64b2a
2023-02-22 23:44:29.158 DEBUG 16791 --- [    Test worker] org.hibernate.type.BasicTypeRegistry     : Adding type registration Duration -> org.hibernate.type.DurationType@4a9bce99
2023-02-22 23:44:29.159 DEBUG 16791 --- [    Test worker] org.hibernate.type.BasicTypeRegistry     : Adding type registration java.time.Duration -> org.hibernate.type.DurationType@4a9bce99
2023-02-22 23:44:29.159 DEBUG 16791 --- [    Test worker] org.hibernate.type.BasicTypeRegistry     : Adding type registration Instant -> org.hibernate.type.InstantType@59a2d756
2023-02-22 23:44:29.159 DEBUG 16791 --- [    Test worker] org.hibernate.type.BasicTypeRegistry     : Adding type registration java.time.Instant -> org.hibernate.type.InstantType@59a2d756
2023-02-22 23:44:29.160 DEBUG 16791 --- [    Test worker] org.hibernate.type.BasicTypeRegistry     : Adding type registration LocalDateTime -> org.hibernate.type.LocalDateTimeType@295b07e0
2023-02-22 23:44:29.160 DEBUG 16791 --- [    Test worker] org.hibernate.type.BasicTypeRegistry     : Adding type registration java.time.LocalDateTime -> org.hibernate.type.LocalDateTimeType@295b07e0
2023-02-22 23:44:29.161 DEBUG 16791 --- [    Test worker] org.hibernate.type.BasicTypeRegistry     : Adding type registration LocalDate -> org.hibernate.type.LocalDateType@79604abe
2023-02-22 23:44:29.161 DEBUG 16791 --- [    Test worker] org.hibernate.type.BasicTypeRegistry     : Adding type registration java.time.LocalDate -> org.hibernate.type.LocalDateType@79604abe
2023-02-22 23:44:29.162 DEBUG 16791 --- [    Test worker] org.hibernate.type.BasicTypeRegistry     : Adding type registration LocalTime -> org.hibernate.type.LocalTimeType@44eb2452
2023-02-22 23:44:29.162 DEBUG 16791 --- [    Test worker] org.hibernate.type.BasicTypeRegistry     : Adding type registration java.time.LocalTime -> org.hibernate.type.LocalTimeType@44eb2452
2023-02-22 23:44:29.163 DEBUG 16791 --- [    Test worker] org.hibernate.type.BasicTypeRegistry     : Adding type registration OffsetDateTime -> org.hibernate.type.OffsetDateTimeType@273aaab7
2023-02-22 23:44:29.163 DEBUG 16791 --- [    Test worker] org.hibernate.type.BasicTypeRegistry     : Adding type registration java.time.OffsetDateTime -> org.hibernate.type.OffsetDateTimeType@273aaab7
2023-02-22 23:44:29.164 DEBUG 16791 --- [    Test worker] org.hibernate.type.BasicTypeRegistry     : Adding type registration OffsetTime -> org.hibernate.type.OffsetTimeType@184de357
2023-02-22 23:44:29.164 DEBUG 16791 --- [    Test worker] org.hibernate.type.BasicTypeRegistry     : Adding type registration java.time.OffsetTime -> org.hibernate.type.OffsetTimeType@184de357
2023-02-22 23:44:29.165 DEBUG 16791 --- [    Test worker] org.hibernate.type.BasicTypeRegistry     : Adding type registration ZonedDateTime -> org.hibernate.type.ZonedDateTimeType@7433ca19
2023-02-22 23:44:29.165 DEBUG 16791 --- [    Test worker] org.hibernate.type.BasicTypeRegistry     : Adding type registration java.time.ZonedDateTime -> org.hibernate.type.ZonedDateTimeType@7433ca19
2023-02-22 23:44:29.166 DEBUG 16791 --- [    Test worker] org.hibernate.type.BasicTypeRegistry     : Adding type registration date -> org.hibernate.type.DateType@2dd3d39d
2023-02-22 23:44:29.166 DEBUG 16791 --- [    Test worker] org.hibernate.type.BasicTypeRegistry     : Adding type registration java.sql.Date -> org.hibernate.type.DateType@2dd3d39d
2023-02-22 23:44:29.167 DEBUG 16791 --- [    Test worker] org.hibernate.type.BasicTypeRegistry     : Adding type registration time -> org.hibernate.type.TimeType@7eae55
2023-02-22 23:44:29.167 DEBUG 16791 --- [    Test worker] org.hibernate.type.BasicTypeRegistry     : Adding type registration java.sql.Time -> org.hibernate.type.TimeType@7eae55
2023-02-22 23:44:29.168 DEBUG 16791 --- [    Test worker] org.hibernate.type.BasicTypeRegistry     : Adding type registration timestamp -> org.hibernate.type.TimestampType@6c6379c
2023-02-22 23:44:29.168 DEBUG 16791 --- [    Test worker] org.hibernate.type.BasicTypeRegistry     : Adding type registration java.sql.Timestamp -> org.hibernate.type.TimestampType@6c6379c
2023-02-22 23:44:29.168 DEBUG 16791 --- [    Test worker] org.hibernate.type.BasicTypeRegistry     : Adding type registration java.util.Date -> org.hibernate.type.TimestampType@6c6379c
2023-02-22 23:44:29.170 DEBUG 16791 --- [    Test worker] org.hibernate.type.BasicTypeRegistry     : Adding type registration dbtimestamp -> org.hibernate.type.DbTimestampType@559fd5ec
2023-02-22 23:44:29.170 DEBUG 16791 --- [    Test worker] org.hibernate.type.BasicTypeRegistry     : Adding type registration calendar -> org.hibernate.type.CalendarType@40fe8fd5
2023-02-22 23:44:29.170 DEBUG 16791 --- [    Test worker] org.hibernate.type.BasicTypeRegistry     : Adding type registration java.util.Calendar -> org.hibernate.type.CalendarType@40fe8fd5
2023-02-22 23:44:29.170 DEBUG 16791 --- [    Test worker] org.hibernate.type.BasicTypeRegistry     : Adding type registration java.util.GregorianCalendar -> org.hibernate.type.CalendarType@40fe8fd5
2023-02-22 23:44:29.171 DEBUG 16791 --- [    Test worker] org.hibernate.type.BasicTypeRegistry     : Adding type registration calendar_date -> org.hibernate.type.CalendarDateType@5c8b10b4
2023-02-22 23:44:29.172 DEBUG 16791 --- [    Test worker] org.hibernate.type.BasicTypeRegistry     : Adding type registration calendar_time -> org.hibernate.type.CalendarTimeType@640a8f93
2023-02-22 23:44:29.173 DEBUG 16791 --- [    Test worker] org.hibernate.type.BasicTypeRegistry     : Adding type registration locale -> org.hibernate.type.LocaleType@4e6cbdf1
2023-02-22 23:44:29.173 DEBUG 16791 --- [    Test worker] org.hibernate.type.BasicTypeRegistry     : Adding type registration java.util.Locale -> org.hibernate.type.LocaleType@4e6cbdf1
2023-02-22 23:44:29.174 DEBUG 16791 --- [    Test worker] org.hibernate.type.BasicTypeRegistry     : Adding type registration currency -> org.hibernate.type.CurrencyType@2dc21583
2023-02-22 23:44:29.174 DEBUG 16791 --- [    Test worker] org.hibernate.type.BasicTypeRegistry     : Adding type registration java.util.Currency -> org.hibernate.type.CurrencyType@2dc21583
2023-02-22 23:44:29.175 DEBUG 16791 --- [    Test worker] org.hibernate.type.BasicTypeRegistry     : Adding type registration timezone -> org.hibernate.type.TimeZoneType@786ff0ea
2023-02-22 23:44:29.175 DEBUG 16791 --- [    Test worker] org.hibernate.type.BasicTypeRegistry     : Adding type registration java.util.TimeZone -> org.hibernate.type.TimeZoneType@786ff0ea
2023-02-22 23:44:29.175 DEBUG 16791 --- [    Test worker] org.hibernate.type.BasicTypeRegistry     : Adding type registration class -> org.hibernate.type.ClassType@4751cd3
2023-02-22 23:44:29.175 DEBUG 16791 --- [    Test worker] org.hibernate.type.BasicTypeRegistry     : Adding type registration java.lang.Class -> org.hibernate.type.ClassType@4751cd3
2023-02-22 23:44:29.176 DEBUG 16791 --- [    Test worker] org.hibernate.type.BasicTypeRegistry     : Adding type registration uuid-binary -> org.hibernate.type.UUIDBinaryType@45297e7
2023-02-22 23:44:29.176 DEBUG 16791 --- [    Test worker] org.hibernate.type.BasicTypeRegistry     : Adding type registration java.util.UUID -> org.hibernate.type.UUIDBinaryType@45297e7
2023-02-22 23:44:29.176 DEBUG 16791 --- [    Test worker] org.hibernate.type.BasicTypeRegistry     : Adding type registration uuid-char -> org.hibernate.type.UUIDCharType@1f42366
2023-02-22 23:44:29.177 DEBUG 16791 --- [    Test worker] org.hibernate.type.BasicTypeRegistry     : Adding type registration binary -> org.hibernate.type.BinaryType@3f06ebe0
2023-02-22 23:44:29.177 DEBUG 16791 --- [    Test worker] org.hibernate.type.BasicTypeRegistry     : Adding type registration byte[] -> org.hibernate.type.BinaryType@3f06ebe0
2023-02-22 23:44:29.177 DEBUG 16791 --- [    Test worker] org.hibernate.type.BasicTypeRegistry     : Adding type registration [B -> org.hibernate.type.BinaryType@3f06ebe0
2023-02-22 23:44:29.178 DEBUG 16791 --- [    Test worker] org.hibernate.type.BasicTypeRegistry     : Adding type registration wrapper-binary -> org.hibernate.type.WrapperBinaryType@121ddca4
2023-02-22 23:44:29.178 DEBUG 16791 --- [    Test worker] org.hibernate.type.BasicTypeRegistry     : Adding type registration Byte[] -> org.hibernate.type.WrapperBinaryType@121ddca4
2023-02-22 23:44:29.178 DEBUG 16791 --- [    Test worker] org.hibernate.type.BasicTypeRegistry     : Adding type registration [Ljava.lang.Byte; -> org.hibernate.type.WrapperBinaryType@121ddca4
2023-02-22 23:44:29.178 DEBUG 16791 --- [    Test worker] org.hibernate.type.BasicTypeRegistry     : Adding type registration row_version -> org.hibernate.type.RowVersionType@1e471884
2023-02-22 23:44:29.179 DEBUG 16791 --- [    Test worker] org.hibernate.type.BasicTypeRegistry     : Adding type registration image -> org.hibernate.type.ImageType@48632f69
2023-02-22 23:44:29.179 DEBUG 16791 --- [    Test worker] org.hibernate.type.BasicTypeRegistry     : Adding type registration characters -> org.hibernate.type.CharArrayType@e521067
2023-02-22 23:44:29.179 DEBUG 16791 --- [    Test worker] org.hibernate.type.BasicTypeRegistry     : Adding type registration char[] -> org.hibernate.type.CharArrayType@e521067
2023-02-22 23:44:29.179 DEBUG 16791 --- [    Test worker] org.hibernate.type.BasicTypeRegistry     : Adding type registration [C -> org.hibernate.type.CharArrayType@e521067
2023-02-22 23:44:29.180 DEBUG 16791 --- [    Test worker] org.hibernate.type.BasicTypeRegistry     : Adding type registration wrapper-characters -> org.hibernate.type.CharacterArrayType@8851ec
2023-02-22 23:44:29.180 DEBUG 16791 --- [    Test worker] org.hibernate.type.BasicTypeRegistry     : Adding type registration [Ljava.lang.Character; -> org.hibernate.type.CharacterArrayType@8851ec
2023-02-22 23:44:29.180 DEBUG 16791 --- [    Test worker] org.hibernate.type.BasicTypeRegistry     : Adding type registration Character[] -> org.hibernate.type.CharacterArrayType@8851ec
2023-02-22 23:44:29.180 DEBUG 16791 --- [    Test worker] org.hibernate.type.BasicTypeRegistry     : Adding type registration text -> org.hibernate.type.TextType@25109608
2023-02-22 23:44:29.181 DEBUG 16791 --- [    Test worker] org.hibernate.type.BasicTypeRegistry     : Adding type registration ntext -> org.hibernate.type.NTextType@42ecc554
2023-02-22 23:44:29.182 DEBUG 16791 --- [    Test worker] org.hibernate.type.BasicTypeRegistry     : Adding type registration blob -> org.hibernate.type.BlobType@38d42ab7
2023-02-22 23:44:29.182 DEBUG 16791 --- [    Test worker] org.hibernate.type.BasicTypeRegistry     : Adding type registration java.sql.Blob -> org.hibernate.type.BlobType@38d42ab7
2023-02-22 23:44:29.182 DEBUG 16791 --- [    Test worker] org.hibernate.type.BasicTypeRegistry     : Adding type registration materialized_blob -> org.hibernate.type.MaterializedBlobType@464400b3
2023-02-22 23:44:29.183 DEBUG 16791 --- [    Test worker] org.hibernate.type.BasicTypeRegistry     : Adding type registration clob -> org.hibernate.type.ClobType@6723cce7
2023-02-22 23:44:29.183 DEBUG 16791 --- [    Test worker] org.hibernate.type.BasicTypeRegistry     : Adding type registration java.sql.Clob -> org.hibernate.type.ClobType@6723cce7
2023-02-22 23:44:29.184 DEBUG 16791 --- [    Test worker] org.hibernate.type.BasicTypeRegistry     : Adding type registration nclob -> org.hibernate.type.NClobType@10bdfbcc
2023-02-22 23:44:29.184 DEBUG 16791 --- [    Test worker] org.hibernate.type.BasicTypeRegistry     : Adding type registration java.sql.NClob -> org.hibernate.type.NClobType@10bdfbcc
2023-02-22 23:44:29.184 DEBUG 16791 --- [    Test worker] org.hibernate.type.BasicTypeRegistry     : Adding type registration materialized_clob -> org.hibernate.type.MaterializedClobType@60ed0b9d
2023-02-22 23:44:29.184 DEBUG 16791 --- [    Test worker] org.hibernate.type.BasicTypeRegistry     : Adding type registration materialized_nclob -> org.hibernate.type.MaterializedNClobType@34beadce
2023-02-22 23:44:29.185 DEBUG 16791 --- [    Test worker] org.hibernate.type.BasicTypeRegistry     : Adding type registration serializable -> org.hibernate.type.SerializableType@52d9d817
2023-02-22 23:44:29.187 DEBUG 16791 --- [    Test worker] org.hibernate.type.BasicTypeRegistry     : Adding type registration object -> org.hibernate.type.ObjectType@6dd20ec9
2023-02-22 23:44:29.187 DEBUG 16791 --- [    Test worker] org.hibernate.type.BasicTypeRegistry     : Adding type registration java.lang.Object -> org.hibernate.type.ObjectType@6dd20ec9
2023-02-22 23:44:29.188 DEBUG 16791 --- [    Test worker] org.hibernate.type.BasicTypeRegistry     : Adding type registration imm_date -> org.hibernate.type.AdaptedImmutableType@6e948f1c
2023-02-22 23:44:29.188 DEBUG 16791 --- [    Test worker] org.hibernate.type.BasicTypeRegistry     : Adding type registration imm_time -> org.hibernate.type.AdaptedImmutableType@24405466
2023-02-22 23:44:29.188 DEBUG 16791 --- [    Test worker] org.hibernate.type.BasicTypeRegistry     : Adding type registration imm_timestamp -> org.hibernate.type.AdaptedImmutableType@35010a6b
2023-02-22 23:44:29.188 DEBUG 16791 --- [    Test worker] org.hibernate.type.BasicTypeRegistry     : Adding type registration imm_dbtimestamp -> org.hibernate.type.AdaptedImmutableType@4d4b019e
2023-02-22 23:44:29.188 DEBUG 16791 --- [    Test worker] org.hibernate.type.BasicTypeRegistry     : Adding type registration imm_calendar -> org.hibernate.type.AdaptedImmutableType@7ed8b44
2023-02-22 23:44:29.188 DEBUG 16791 --- [    Test worker] org.hibernate.type.BasicTypeRegistry     : Adding type registration imm_calendar_date -> org.hibernate.type.AdaptedImmutableType@21280cbb
2023-02-22 23:44:29.188 DEBUG 16791 --- [    Test worker] org.hibernate.type.BasicTypeRegistry     : Adding type registration imm_binary -> org.hibernate.type.AdaptedImmutableType@1cc708a7
2023-02-22 23:44:29.188 DEBUG 16791 --- [    Test worker] org.hibernate.type.BasicTypeRegistry     : Adding type registration imm_serializable -> org.hibernate.type.AdaptedImmutableType@995ad50
2023-02-22 23:44:29.225  INFO 16791 --- [    Test worker] com.zaxxer.hikari.HikariDataSource       : HikariPool-1 - Starting...
2023-02-22 23:44:32.266  INFO 16791 --- [    Test worker] com.zaxxer.hikari.HikariDataSource       : HikariPool-1 - Start completed.
2023-02-22 23:44:32.288  INFO 16791 --- [    Test worker] org.hibernate.dialect.Dialect            : HHH000400: Using dialect: org.hibernate.dialect.MySQL8Dialect
2023-02-22 23:44:32.320 DEBUG 16791 --- [    Test worker] o.h.type.spi.TypeConfiguration$Scope     : Scoping TypeConfiguration [org.hibernate.type.spi.TypeConfiguration@41bdaa81] to MetadataBuildingContext [org.hibernate.boot.internal.MetadataBuildingContextRootImpl@799971ac]
2023-02-22 23:44:32.632 DEBUG 16791 --- [    Test worker] org.hibernate.type.EnumType              : Using NAMED-based conversion for Enum com.crosscert.firewall.entity.Role
2023-02-22 23:44:32.634 DEBUG 16791 --- [    Test worker] org.hibernate.type.EnumType              : Using NAMED-based conversion for Enum com.crosscert.firewall.entity.Method
2023-02-22 23:44:32.635 DEBUG 16791 --- [    Test worker] org.hibernate.type.EnumType              : Using NAMED-based conversion for Enum org.springframework.http.HttpStatus
2023-02-22 23:44:32.635 DEBUG 16791 --- [    Test worker] o.h.type.spi.TypeConfiguration$Scope     : Scoping TypeConfiguration [org.hibernate.type.spi.TypeConfiguration@41bdaa81] to SessionFactoryImpl [org.hibernate.internal.SessionFactoryImpl@20518250]
Hibernate: 
    
    alter table fire_wall 
       drop 
       foreign key FK6lkcjc18y4re6vvdfed1gldv8
Hibernate: 
    
    alter table fire_wall 
       drop 
       foreign key FKqlskr1ai6equa37q9ql51i7dl
Hibernate: 
    
    alter table fire_wall 
       drop 
       foreign key FKpfunuj4pn71pfpqeqrp0e1ixs
Hibernate: 
    
    alter table member 
       drop 
       foreign key FKaowsaw541yyf4rf3na3fiot8s
Hibernate: 
    
    alter table member 
       drop 
       foreign key FKiw8d74yv6dlu3w1v3cniyqopn
Hibernate: 
    
    drop table if exists fire_wall
Hibernate: 
    
    drop table if exists ip
Hibernate: 
    
    drop table if exists log
Hibernate: 
    
    drop table if exists member
Hibernate: 
    
    create table fire_wall (
       id bigint not null auto_increment,
        create_date datetime(6) not null,
        modified_date datetime(6) not null,
        end_date date,
        is_ended bit,
        port integer not null,
        destination_ip bigint,
        member_id bigint,
        start_ip bigint,
        primary key (id)
    ) engine=InnoDB
Hibernate: 
    
    create table ip (
       id bigint not null auto_increment,
        create_date datetime(6) not null,
        modified_date datetime(6) not null,
        address varchar(255),
        description varchar(255),
        domain varchar(255),
        primary key (id)
    ) engine=InnoDB
Hibernate: 
    
    create table log (
       id bigint not null auto_increment,
        body varchar(255),
        method varchar(255) not null,
        param varchar(255),
        status varchar(255) not null,
        url varchar(255) not null,
        primary key (id)
    ) engine=InnoDB
Hibernate: 
    
    create table member (
       id bigint not null auto_increment,
        create_date datetime(6) not null,
        modified_date datetime(6) not null,
        email varchar(255) not null,
        name varchar(10) not null,
        password varchar(255) not null,
        role varchar(255) not null,
        dev_ip_id bigint,
        net_ip_id bigint,
        primary key (id)
    ) engine=InnoDB
Hibernate: 
    
    alter table fire_wall 
       add constraint FK6lkcjc18y4re6vvdfed1gldv8 
       foreign key (destination_ip) 
       references ip (id)
Hibernate: 
    
    alter table fire_wall 
       add constraint FKqlskr1ai6equa37q9ql51i7dl 
       foreign key (member_id) 
       references member (id)
Hibernate: 
    
    alter table fire_wall 
       add constraint FKpfunuj4pn71pfpqeqrp0e1ixs 
       foreign key (start_ip) 
       references ip (id)
Hibernate: 
    
    alter table member 
       add constraint FKaowsaw541yyf4rf3na3fiot8s 
       foreign key (dev_ip_id) 
       references ip (id)
Hibernate: 
    
    alter table member 
       add constraint FKiw8d74yv6dlu3w1v3cniyqopn 
       foreign key (net_ip_id) 
       references ip (id)
2023-02-22 23:44:40.904  INFO 16791 --- [    Test worker] o.h.e.t.j.p.i.JtaPlatformInitiator       : HHH000490: Using JtaPlatform implementation: [org.hibernate.engine.transaction.jta.platform.internal.NoJtaPlatform]
2023-02-22 23:44:40.913 TRACE 16791 --- [    Test worker] o.h.type.spi.TypeConfiguration$Scope     : Handling #sessionFactoryCreated from [org.hibernate.internal.SessionFactoryImpl@20518250] for TypeConfiguration
2023-02-22 23:44:40.914  INFO 16791 --- [    Test worker] j.LocalContainerEntityManagerFactoryBean : Initialized JPA EntityManagerFactory for persistence unit 'default'
2023-02-22 23:44:41.586  INFO 16791 --- [    Test worker] o.s.s.web.DefaultSecurityFilterChain     : Will secure any request with [org.springframework.security.web.session.DisableEncodeUrlFilter@2c376461, org.springframework.security.web.context.request.async.WebAsyncManagerIntegrationFilter@27244a88, org.springframework.security.web.context.SecurityContextPersistenceFilter@5a2297d7, org.springframework.security.web.header.HeaderWriterFilter@108d59b6, org.springframework.security.web.authentication.logout.LogoutFilter@7bf997e0, org.springframework.security.web.authentication.UsernamePasswordAuthenticationFilter@47462daf, org.springframework.security.web.authentication.ui.DefaultLoginPageGeneratingFilter@5c3e7128, org.springframework.security.web.authentication.ui.DefaultLogoutPageGeneratingFilter@4a76c90, org.springframework.security.web.savedrequest.RequestCacheAwareFilter@554a2f3, org.springframework.security.web.servletapi.SecurityContextHolderAwareRequestFilter@1de6689c, org.springframework.security.web.authentication.AnonymousAuthenticationFilter@6a233d33, org.springframework.security.web.session.SessionManagementFilter@3687b83c, org.springframework.security.web.access.ExceptionTranslationFilter@4509414e, org.springframework.security.web.access.intercept.FilterSecurityInterceptor@24455d50]
2023-02-22 23:44:41.816  WARN 16791 --- [    Test worker] JpaBaseConfiguration$JpaWebConfiguration : spring.jpa.open-in-view is enabled by default. Therefore, database queries may be performed during view rendering. Explicitly configure spring.jpa.open-in-view to disable this warning
2023-02-22 23:44:42.577  INFO 16791 --- [    Test worker] o.s.b.t.m.w.SpringBootMockServletContext : Initializing Spring TestDispatcherServlet ''
2023-02-22 23:44:42.578  INFO 16791 --- [    Test worker] o.s.t.web.servlet.TestDispatcherServlet  : Initializing Servlet ''
2023-02-22 23:44:42.579  INFO 16791 --- [    Test worker] o.s.t.web.servlet.TestDispatcherServlet  : Completed initialization in 1 ms
2023-02-22 23:44:42.596  INFO 16791 --- [    Test worker] c.c.f.controller.LoginControllerTest     : Started LoginControllerTest in 15.481 seconds (JVM running for 16.477)
2023-02-22 23:44:43.107  INFO 16791 --- [    Test worker] c.c.firewall.service.MemberService       : class com.crosscert.firewall.service.MemberService.signup
Hibernate: 
    select
        member0_.id as col_0_0_ 
    from
        member member0_ 
    where
        member0_.email=? limit ?
2023-02-22 23:44:43.147 TRACE 16791 --- [    Test worker] o.h.type.descriptor.sql.BasicBinder      : binding parameter [1] as [VARCHAR] - [test@crosscert.com]
Hibernate: 
    insert 
    into
        ip
        (create_date, modified_date, address, description, domain) 
    values
        (?, ?, ?, ?, ?)
2023-02-22 23:44:43.487 TRACE 16791 --- [    Test worker] o.h.type.descriptor.sql.BasicBinder      : binding parameter [1] as [TIMESTAMP] - [2023-02-22T23:44:43.479765]
2023-02-22 23:44:43.487 TRACE 16791 --- [    Test worker] o.h.type.descriptor.sql.BasicBinder      : binding parameter [2] as [TIMESTAMP] - [2023-02-22T23:44:43.479765]
2023-02-22 23:44:43.487 TRACE 16791 --- [    Test worker] o.h.type.descriptor.sql.BasicBinder      : binding parameter [3] as [VARCHAR] - [172.77.0.1]
2023-02-22 23:44:43.487 TRACE 16791 --- [    Test worker] o.h.type.descriptor.sql.BasicBinder      : binding parameter [4] as [VARCHAR] - [null]
2023-02-22 23:44:43.488 TRACE 16791 --- [    Test worker] o.h.type.descriptor.sql.BasicBinder      : binding parameter [5] as [VARCHAR] - [null]
Hibernate: 
    insert 
    into
        ip
        (create_date, modified_date, address, description, domain) 
    values
        (?, ?, ?, ?, ?)
2023-02-22 23:44:43.694 TRACE 16791 --- [    Test worker] o.h.type.descriptor.sql.BasicBinder      : binding parameter [1] as [TIMESTAMP] - [2023-02-22T23:44:43.693238]
2023-02-22 23:44:43.694 TRACE 16791 --- [    Test worker] o.h.type.descriptor.sql.BasicBinder      : binding parameter [2] as [TIMESTAMP] - [2023-02-22T23:44:43.693238]
2023-02-22 23:44:43.694 TRACE 16791 --- [    Test worker] o.h.type.descriptor.sql.BasicBinder      : binding parameter [3] as [VARCHAR] - [172.77.0.2]
2023-02-22 23:44:43.694 TRACE 16791 --- [    Test worker] o.h.type.descriptor.sql.BasicBinder      : binding parameter [4] as [VARCHAR] - [null]
2023-02-22 23:44:43.694 TRACE 16791 --- [    Test worker] o.h.type.descriptor.sql.BasicBinder      : binding parameter [5] as [VARCHAR] - [null]
Hibernate: 
    insert 
    into
        member
        (create_date, modified_date, dev_ip_id, email, name, net_ip_id, password, role) 
    values
        (?, ?, ?, ?, ?, ?, ?, ?)
2023-02-22 23:44:43.898 TRACE 16791 --- [    Test worker] o.h.type.descriptor.sql.BasicBinder      : binding parameter [1] as [TIMESTAMP] - [2023-02-22T23:44:43.459871]
2023-02-22 23:44:43.898 TRACE 16791 --- [    Test worker] o.h.type.descriptor.sql.BasicBinder      : binding parameter [2] as [TIMESTAMP] - [2023-02-22T23:44:43.459871]
2023-02-22 23:44:43.899 TRACE 16791 --- [    Test worker] o.h.type.descriptor.sql.BasicBinder      : binding parameter [3] as [BIGINT] - [1]
2023-02-22 23:44:43.899 TRACE 16791 --- [    Test worker] o.h.type.descriptor.sql.BasicBinder      : binding parameter [4] as [VARCHAR] - [test@crosscert.com]
2023-02-22 23:44:43.899 TRACE 16791 --- [    Test worker] o.h.type.descriptor.sql.BasicBinder      : binding parameter [5] as [VARCHAR] - [test]
2023-02-22 23:44:43.899 TRACE 16791 --- [    Test worker] o.h.type.descriptor.sql.BasicBinder      : binding parameter [6] as [BIGINT] - [2]
2023-02-22 23:44:43.899 TRACE 16791 --- [    Test worker] o.h.type.descriptor.sql.BasicBinder      : binding parameter [7] as [VARCHAR] - [$2a$10$By.uSgIIbgNfHaMvq5bj5.V.CAii5T.YQ4UJJtBpfrobaC2wQxlGi]
2023-02-22 23:44:43.899 TRACE 16791 --- [    Test worker] o.h.type.descriptor.sql.BasicBinder      : binding parameter [8] as [VARCHAR] - [MEMBER]
Hibernate: 
    select
        member0_.id as id1_3_,
        member0_.create_date as create_d2_3_,
        member0_.modified_date as modified3_3_,
        member0_.dev_ip_id as dev_ip_i8_3_,
        member0_.email as email4_3_,
        member0_.name as name5_3_,
        member0_.net_ip_id as net_ip_i9_3_,
        member0_.password as password6_3_,
        member0_.role as role7_3_ 
    from
        member member0_ 
    where
        member0_.email=?
2023-02-22 23:44:44.606 TRACE 16791 --- [    Test worker] o.h.type.descriptor.sql.BasicBinder      : binding parameter [1] as [VARCHAR] - [test@crosscert.com]
2023-02-22 23:44:44.805 TRACE 16791 --- [    Test worker] o.h.type.descriptor.sql.BasicExtractor   : extracted value ([id1_3_] : [BIGINT]) - [1]
2023-02-22 23:44:44.809 TRACE 16791 --- [    Test worker] o.h.type.descriptor.sql.BasicExtractor   : extracted value ([create_d2_3_] : [TIMESTAMP]) - [2023-02-22T23:44:43.459871]
2023-02-22 23:44:44.810 TRACE 16791 --- [    Test worker] o.h.type.descriptor.sql.BasicExtractor   : extracted value ([modified3_3_] : [TIMESTAMP]) - [2023-02-22T23:44:43.459871]
2023-02-22 23:44:44.810 TRACE 16791 --- [    Test worker] o.h.type.descriptor.sql.BasicExtractor   : extracted value ([dev_ip_i8_3_] : [BIGINT]) - [1]
2023-02-22 23:44:44.810 TRACE 16791 --- [    Test worker] o.h.type.descriptor.sql.BasicExtractor   : extracted value ([email4_3_] : [VARCHAR]) - [test@crosscert.com]
2023-02-22 23:44:44.810 TRACE 16791 --- [    Test worker] o.h.type.descriptor.sql.BasicExtractor   : extracted value ([name5_3_] : [VARCHAR]) - [test]
2023-02-22 23:44:44.810 TRACE 16791 --- [    Test worker] o.h.type.descriptor.sql.BasicExtractor   : extracted value ([net_ip_i9_3_] : [BIGINT]) - [2]
2023-02-22 23:44:44.810 TRACE 16791 --- [    Test worker] o.h.type.descriptor.sql.BasicExtractor   : extracted value ([password6_3_] : [VARCHAR]) - [$2a$10$By.uSgIIbgNfHaMvq5bj5.V.CAii5T.YQ4UJJtBpfrobaC2wQxlGi]
2023-02-22 23:44:44.811 TRACE 16791 --- [    Test worker] o.h.type.descriptor.sql.BasicExtractor   : extracted value ([role7_3_] : [VARCHAR]) - [MEMBER]
2023-02-22 23:44:44.823 TRACE 16791 --- [    Test worker] org.hibernate.type.CollectionType        : Created collection wrapper: [com.crosscert.firewall.entity.Member.fireWallList#1]
2023-02-22 23:44:45.120  INFO 16791 --- [    Test worker] c.c.firewall.service.MemberService       : class com.crosscert.firewall.service.MemberService.signup
Hibernate: 
    select
        member0_.id as col_0_0_ 
    from
        member member0_ 
    where
        member0_.email=? limit ?
2023-02-22 23:44:45.121 TRACE 16791 --- [    Test worker] o.h.type.descriptor.sql.BasicBinder      : binding parameter [1] as [VARCHAR] - [test@crosscert.com]
2023-02-22 23:44:45.316 TRACE 16791 --- [    Test worker] o.h.type.descriptor.sql.BasicExtractor   : extracted value ([col_0_0_] : [BIGINT]) - [1]
]]></system-out>
  <system-err><![CDATA[]]></system-err>
</testsuite>
