<?xml version="1.0" encoding="UTF-8"?>
<testsuite name="com.crosscert.firewall.service.LogServiceTest" tests="1" skipped="0" failures="0" errors="0" timestamp="2023-02-22T14:45:04" hostname="JaeHyunui-MacBookPro.local" time="1.161">
  <properties/>
  <testcase name="find_exception" classname="com.crosscert.firewall.service.LogServiceTest" time="1.161"/>
  <system-out><![CDATA[2023-02-22 23:45:04.402  INFO 16791 --- [    Test worker] .b.t.c.SpringBootTestContextBootstrapper : Neither @ContextConfiguration nor @ContextHierarchy found for test class [com.crosscert.firewall.service.LogServiceTest], using SpringBootContextLoader
2023-02-22 23:45:04.402  INFO 16791 --- [    Test worker] o.s.t.c.support.AbstractContextLoader    : Could not detect default resource locations for test class [com.crosscert.firewall.service.LogServiceTest]: no resource found for suffixes {-context.xml, Context.groovy}.
2023-02-22 23:45:04.403  INFO 16791 --- [    Test worker] t.c.s.AnnotationConfigContextLoaderUtils : Could not detect default configuration classes for test class [com.crosscert.firewall.service.LogServiceTest]: LogServiceTest does not declare any static, non-private, non-final, nested classes annotated with @Configuration.
2023-02-22 23:45:04.403  INFO 16791 --- [    Test worker] .b.t.c.SpringBootTestContextBootstrapper : Found @SpringBootConfiguration com.crosscert.firewall.FirewallApplication for test class com.crosscert.firewall.service.LogServiceTest
2023-02-22 23:45:04.404  INFO 16791 --- [    Test worker] .b.t.c.SpringBootTestContextBootstrapper : Loaded default TestExecutionListener class names from location [META-INF/spring.factories]: [org.springframework.security.test.context.support.WithSecurityContextTestExecutionListener, org.springframework.security.test.context.support.ReactorContextTestExecutionListener, org.springframework.boot.test.autoconfigure.restdocs.RestDocsTestExecutionListener, org.springframework.boot.test.autoconfigure.web.client.MockRestServiceServerResetTestExecutionListener, org.springframework.boot.test.autoconfigure.web.servlet.MockMvcPrintOnlyOnFailureTestExecutionListener, org.springframework.boot.test.autoconfigure.web.servlet.WebDriverTestExecutionListener, org.springframework.boot.test.autoconfigure.webservices.client.MockWebServiceServerTestExecutionListener, org.springframework.boot.test.mock.mockito.MockitoTestExecutionListener, org.springframework.boot.test.mock.mockito.ResetMocksTestExecutionListener, org.springframework.test.context.web.ServletTestExecutionListener, org.springframework.test.context.support.DirtiesContextBeforeModesTestExecutionListener, org.springframework.test.context.event.ApplicationEventsTestExecutionListener, org.springframework.test.context.support.DependencyInjectionTestExecutionListener, org.springframework.test.context.support.DirtiesContextTestExecutionListener, org.springframework.test.context.transaction.TransactionalTestExecutionListener, org.springframework.test.context.jdbc.SqlScriptsTestExecutionListener, org.springframework.test.context.event.EventPublishingTestExecutionListener]
2023-02-22 23:45:04.405  INFO 16791 --- [    Test worker] .b.t.c.SpringBootTestContextBootstrapper : Using TestExecutionListeners: [org.springframework.test.context.web.ServletTestExecutionListener@14404be2, org.springframework.test.context.support.DirtiesContextBeforeModesTestExecutionListener@6efa2e06, org.springframework.test.context.event.ApplicationEventsTestExecutionListener@6722f81a, org.springframework.boot.test.mock.mockito.MockitoTestExecutionListener@4a9a0d9d, org.springframework.boot.test.autoconfigure.SpringBootDependencyInjectionTestExecutionListener@5c934077, org.springframework.test.context.support.DirtiesContextTestExecutionListener@63a6dffd, org.springframework.test.context.transaction.TransactionalTestExecutionListener@13b409bb, org.springframework.test.context.jdbc.SqlScriptsTestExecutionListener@9d818b5, org.springframework.security.test.context.support.WithSecurityContextTestExecutionListener@4f8e6101, org.springframework.test.context.event.EventPublishingTestExecutionListener@1a02063a, org.springframework.security.test.context.support.ReactorContextTestExecutionListener@29483d10, org.springframework.boot.test.autoconfigure.restdocs.RestDocsTestExecutionListener@601c953c, org.springframework.boot.test.autoconfigure.web.client.MockRestServiceServerResetTestExecutionListener@5ca67657, org.springframework.boot.test.autoconfigure.web.servlet.MockMvcPrintOnlyOnFailureTestExecutionListener@561f982f, org.springframework.boot.test.autoconfigure.web.servlet.WebDriverTestExecutionListener@3ed79f41, org.springframework.boot.test.autoconfigure.webservices.client.MockWebServiceServerTestExecutionListener@3ae648d2, org.springframework.boot.test.mock.mockito.ResetMocksTestExecutionListener@559d9517]
Hibernate: 
    select
        log0_.id as id1_2_0_,
        log0_.body as body2_2_0_,
        log0_.method as method3_2_0_,
        log0_.param as param4_2_0_,
        log0_.status as status5_2_0_,
        log0_.url as url6_2_0_ 
    from
        log log0_ 
    where
        log0_.id=?
2023-02-22 23:45:04.798 TRACE 16791 --- [    Test worker] o.h.type.descriptor.sql.BasicBinder      : binding parameter [1] as [BIGINT] - [2]
]]></system-out>
  <system-err><![CDATA[]]></system-err>
</testsuite>
